[main] INFO  MessageServerNIO  - Starting MessageServerNIO...
  [main] INFO  MessageServerNIO  - Trying to accept connections on 127.0.0.1:4887...
  [main] INFO  MessageServerNIO  - Connection Accepted...
  [main] INFO  MessageServerNIO  - Inside processReadEvent...
  [main] INFO  MessageServerNIO  - Message Received.....: w

  [main] INFO  MessageServerNIO  - Inside processReadEvent...
  [main] INFO  MessageServerNIO  - Message Received.....: ,

  [main] INFO  MessageServerNIO  - Inside processReadEvent...
  [main] INFO  MessageServerNIO  - Message Received.....: h

  [main] INFO  MessageServerNIO  - Inside processReadEvent...
  [main] INFO  MessageServerNIO  - Message Received.....: h

  [main] INFO  MessageServerNIO  - Starting MessageServerNIO...
  [main] INFO  MessageServerNIO  - Trying to accept connections on 127.0.0.1:4887...
  [main] INFO  MessageServerNIO  - Connection Accepted...
  [main] INFO  MessageServerNIO  - Inside processReadEvent...
  [main] INFO  MessageServerNIO  - Message Received.....: d

  [main] INFO  MessageServerNIO  - Inside processReadEvent...
  [main] INFO  MessageServerNIO  - Message Received.....: f

  [main] INFO  MessageServerNIO  - Inside processReadEvent...
  [main] INFO  MessageServerNIO  - Message Received.....: s

  [main] INFO  MessageServerNIO  - Inside processReadEvent...
  [main] INFO  MessageServerNIO  - Message Received.....: d

  [main] INFO  MessageServerNIO  - Starting MessageServerNIO...
  [main] INFO  MessageServerNIO  - Trying to accept connections on 127.0.0.1:4887...
  [main] INFO  MessageServerNIO  - Connection Accepted...
  [main] INFO  MessageServerNIO  - Inside processReadEvent...
  [main] INFO  MessageServerNIO  - Inside processReadEvent...
  [main] INFO  MessageServerNIO  - Starting MessageServerNIO...
  [main] INFO  MessageServerNIO  - Trying to accept connections on 127.0.0.1:4887...
  [main] INFO  MessageServerNIO  - Connection Accepted...
  [main] INFO  MessageServerNIO  - Inside processReadEvent...
  [main] INFO  MessageServerNIO  - s
  [main] INFO  MessageServerNIO  - Starting MessageServerNIO...
  [main] INFO  MessageServerNIO  - Trying to accept connections on 127.0.0.1:4887...
  [main] INFO  MessageServerNIO  - Connection Accepted...
  [main] INFO  MessageServerNIO  - Inside processReadEvent...
  [main] INFO  MessageServerNIO  - a
  [main] INFO  MessageServerNIO  - Starting MessageServerNIO...
  [main] INFO  MessageServerNIO  - Trying to accept connections on 127.0.0.1:4887...
  [main] INFO  MessageServerNIO  - Starting MessageServerNIO...
  [main] INFO  MessageServerNIO  - Trying to accept connections on 127.0.0.1:4887...
  [main] INFO  MessageServerNIO  - Starting MessageServerNIO...
  [main] INFO  MessageServerNIO  - Trying to accept connections on 127.0.0.1:4887...
  [main] INFO  MessageServerNIO  - Starting MessageServerNIO...
  [main] INFO  MessageServerNIO  - Trying to accept connections on 127.0.0.1:4887...
  [main] INFO  MessageServerNIO  - Connected /127.0.0.1:64562
  [main] INFO  MessageServerNIO  - Starting MessageServerNIO...
  [main] INFO  MessageServerNIO  - Trying to accept connections on 127.0.0.1:4887...
  [main] INFO  MessageServerNIO  - Connected Connected Connected/127.0.0.1:64583
  [main] INFO  MessageServerNIO  - Connected Connected Connected/127.0.0.1:64583
  [main] INFO  MessageServerNIO  - Starting MessageServerNIO...
  [main] INFO  MessageServerNIO  - Trying to accept connections on 127.0.0.1:4887...
  [main] INFO  MessageServerNIO  - Connected Connected Connected/127.0.0.1:64594
  [main] INFO  MessageServerNIO  - Connected Connected Connected/127.0.0.1:64594
  [main] INFO  MessageServerNIO  - Starting MessageServerNIO...
  [main] INFO  MessageServerNIO  - Trying to accept connections on 127.0.0.1:4887...
  [main] INFO  MessageServerNIO  - Starting MessageServerNIO...
  [main] INFO  MessageServerNIO  - Trying to accept connections on 127.0.0.1:4887...
  [main] INFO  MessageServerNIO  - Starting MessageServerNIO...
  [main] INFO  MessageServerNIO  - Trying to accept connections on 127.0.0.1:4887...
  [main] INFO  MessageServerNIO  - Connection Accepted...
  [main] INFO  MessageServerNIO  - Starting MessageServerNIO...
  [main] INFO  MessageServerNIO  - Trying to accept connections on 127.0.0.1:4887...
  [main] INFO  MessageServerNIO  - Connection Accepted...
  [main] INFO  MessageServerNIO  - Key is acceptable :true
  [main] INFO  MessageServerNIO  - Inside processReadEvent...
  [main] INFO  MessageServerNIO  - l
  [main] INFO  MessageServerNIO  - Inside processReadEvent...
  [main] INFO  MessageServerNIO  - f
  [main] INFO  MessageServerNIO  - Inside processReadEvent...
  [main] INFO  MessageServerNIO  - f
  [main] INFO  MessageServerNIO  - Inside processReadEvent...
  [main] INFO  MessageServerNIO  - f
  [main] INFO  MessageServerNIO  - Inside processReadEvent...
  [main] INFO  MessageServerNIO  - f
  [main] INFO  MessageServerNIO  - Inside processReadEvent...
  [main] INFO  MessageServerNIO  - 
  [main] INFO  MessageServerNIO  - Detecting end of message 
  [main] INFO  MessageServerNIO  - Inside processReadEvent...
  [main] INFO  MessageServerNIO  - 
  [main] INFO  MessageServerNIO  - Detecting end of message 
  [main] INFO  MessageServerNIO  - Inside processReadEvent...
  [main] INFO  MessageServerNIO  - f
  [main] INFO  MessageServerNIO  - Inside processReadEvent...
  [main] INFO  MessageServerNIO  - 
  [main] INFO  MessageServerNIO  - Detecting end of message 
  [main] INFO  MessageServerNIO  - Inside processReadEvent...
  [main] INFO  MessageServerNIO  - [B
  [main] INFO  MessageServerNIO  - Inside processReadEvent...
  [main] INFO  MessageServerNIO  - 
  [main] INFO  MessageServerNIO  - Detecting end of message 
  [main] INFO  MessageServerNIO  - Inside processReadEvent...
  [main] INFO  MessageServerNIO  - 
  [main] INFO  MessageServerNIO  - Detecting end of message 
  [main] INFO  MessageServerNIO  - Inside processReadEvent...
  [main] INFO  MessageServerNIO  - 
  [main] INFO  MessageServerNIO  - Detecting end of message 
  [main] INFO  MessageServerNIO  - Inside processReadEvent...
  [main] INFO  MessageServerNIO  - 
  [main] INFO  MessageServerNIO  - Detecting end of message 
  [main] INFO  MessageServerNIO  - Inside processReadEvent...
  [main] INFO  MessageServerNIO  - 
  [main] INFO  MessageServerNIO  - Detecting end of message 
  [main] INFO  MessageServerNIO  - Inside processReadEvent...
  [main] INFO  MessageServerNIO  - 
  [main] INFO  MessageServerNIO  - Detecting end of message 
  [main] INFO  MessageServerNIO  - Starting MessageServerNIO...
  [main] INFO  MessageServerNIO  - Trying to accept connections on 127.0.0.1:4887...
  [main] INFO  MessageServerNIO  - Connection Accepted...
  [main] INFO  MessageServerNIO  - Key is acceptable :true
  [main] INFO  MessageServerNIO  - Inside processReadEvent...
  [main] INFO  MessageServerNIO  - w
  [main] INFO  MessageServerNIO  - Inside processReadEvent...
  [main] INFO  MessageServerNIO  - 
  [main] INFO  MessageServerNIO  - Detecting end of message 
  [main] INFO  MessageServerNIO  - Inside processReadEvent...
  [main] INFO  MessageServerNIO  - 
  [main] INFO  MessageServerNIO  - Detecting end of message 
  [main] INFO  MessageServerNIO  - Inside processReadEvent...
  [main] INFO  MessageServerNIO  - d
  [main] INFO  MessageServerNIO  - Inside processReadEvent...
  [main] INFO  MessageServerNIO  - f
  [main] INFO  MessageServerNIO  - Starting MessageServerNIO...
  [main] INFO  MessageServerNIO  - Trying to accept connections on 127.0.0.1:4887...
  [main] INFO  MessageServerNIO  - Connection Accepted...
  [main] INFO  MessageServerNIO  - Key is acceptable :true
  [main] INFO  MessageServerNIO  - Inside processReadEvent...
  [main] INFO  MessageServerNIO  - s
  [main] INFO  MessageServerNIO  - Inside processReadEvent...
  [main] INFO  MessageServerNIO  - 
  [main] INFO  MessageServerNIO  - Detecting end of message 
  [main] INFO  MessageServerNIO  - Starting MessageServerNIO...
  [main] INFO  MessageServerNIO  - Trying to accept connections on 127.0.0.1:4887...
  [main] INFO  MessageServerNIO  - Connection Accepted...
  [main] INFO  MessageServerNIO  - Key is acceptable :true
  [main] INFO  MessageServerNIO  - Inside processReadEvent...
  [main] INFO  MessageServerNIO  - d
  [main] INFO  MessageServerNIO  - Inside processReadEvent...
  [main] INFO  MessageServerNIO  - 
  [main] INFO  MessageServerNIO  - Detecting end of message 
  [main] INFO  MessageServerNIO  - Inside processReadEvent...
  [main] INFO  MessageServerNIO  - d
  [main] INFO  MessageServerNIO  - Inside processReadEvent...
  [main] INFO  MessageServerNIO  - 
  [main] INFO  MessageServerNIO  - Detecting end of message 
  [main] INFO  MessageServerNIO  - Inside processReadEvent...
  [main] INFO  MessageServerNIO  - d
  [main] INFO  MessageServerNIO  - Inside processReadEvent...
  [main] INFO  MessageServerNIO  - 
  [main] INFO  MessageServerNIO  - Detecting end of message 
  [main] INFO  MessageServerNIO  - Starting MessageServerNIO...
  [main] INFO  MessageServerNIO  - Trying to accept connections on 127.0.0.1:4887...
  [main] INFO  MessageServerNIO  - Connection Accepted...
  [main] INFO  MessageServerNIO  - Key is acceptable :true
  [main] INFO  MessageServerNIO  - Inside processReadEvent...
  [main] INFO  MessageServerNIO  - s
  [main] INFO  MessageServerNIO  - Inside processReadEvent...
  [main] INFO  MessageServerNIO  - 
  [main] INFO  MessageServerNIO  - Detecting end of message 
  [main] INFO  MessageServerNIO  - Inside processReadEvent...
  [main] INFO  MessageServerNIO  - s
  [main] INFO  MessageServerNIO  - Inside processReadEvent...
  [main] INFO  MessageServerNIO  - 
  [main] INFO  MessageServerNIO  - Detecting end of message 
  [main] INFO  MessageServerNIO  - Inside processReadEvent...
  [main] INFO  MessageServerNIO  - s
  [main] INFO  MessageServerNIO  - Inside processReadEvent...
  [main] INFO  MessageServerNIO  - 
  [main] INFO  MessageServerNIO  - Detecting end of message 
  [main] INFO  MessageServerNIO  - Starting MessageServerNIO...
  [main] INFO  MessageServerNIO  - Trying to accept connections on 127.0.0.1:4887...
  [main] INFO  MessageServerNIO  - Connection Accepted...
  [main] INFO  MessageServerNIO  - Key is acceptable :true
  [main] INFO  MessageServerNIO  - Inside processReadEvent...
  [main] INFO  MessageServerNIO  - s
  [main] INFO  MessageServerNIO  - Inside processReadEvent...
  [main] INFO  MessageServerNIO  - 
  [main] INFO  MessageServerNIO  - Detecting end of message 
  [main] INFO  MessageServerNIO  - Inside processReadEvent...
  [main] INFO  MessageServerNIO  - 
  [main] INFO  MessageServerNIO  - Detecting end of message 
  [main] INFO  MessageServerNIO  - Inside processReadEvent...
  [main] INFO  MessageServerNIO  - 
  [main] INFO  MessageServerNIO  - Detecting end of message 
  [main] INFO  MessageServerNIO  - Inside processReadEvent...
  [main] INFO  MessageServerNIO  - 
  [main] INFO  MessageServerNIO  - Detecting end of message 
  [main] INFO  MessageServerNIO  - Inside processReadEvent...
  [main] INFO  MessageServerNIO  - 
  [main] INFO  MessageServerNIO  - Detecting end of message 
  [main] INFO  MessageServerNIO  - Inside processReadEvent...
  [main] INFO  MessageServerNIO  - 
  [main] INFO  MessageServerNIO  - Detecting end of message 
  [main] INFO  MessageServerNIO  - Starting MessageServerNIO...
  [main] INFO  MessageServerNIO  - Trying to accept connections on 127.0.0.1:4887...
  [main] INFO  MessageServerNIO  - Connection Accepted...
  [main] INFO  MessageServerNIO  - Key is acceptable :true
  [main] INFO  MessageServerNIO  - Inside processReadEvent...
  [main] INFO  MessageServerNIO  - a
  [main] INFO  MessageServerNIO  - Inside processReadEvent...
  [main] INFO  MessageServerNIO  - s
  [main] INFO  MessageServerNIO  - Inside processReadEvent...
  [main] INFO  MessageServerNIO  - d
  [main] INFO  MessageServerNIO  - Inside processReadEvent...
  [main] INFO  MessageServerNIO  - 
  [main] INFO  MessageServerNIO  - Detecting end of message 
  [main] INFO  MessageServerNIO  - Inside processReadEvent...
  [main] INFO  MessageServerNIO  - g
  [main] INFO  MessageServerNIO  - Inside processReadEvent...
  [main] INFO  MessageServerNIO  - 
  [main] INFO  MessageServerNIO  - Detecting end of message 
  [main] INFO  MessageServerNIO  - Inside processReadEvent...
  [main] INFO  MessageServerNIO  - l
  [main] INFO  MessageServerNIO  - Inside processReadEvent...
  [main] INFO  MessageServerNIO  - 
  [main] INFO  MessageServerNIO  - Detecting end of message 
  [main] INFO  MessageServerNIO  - Inside processReadEvent...
  [main] INFO  MessageServerNIO  - ;
  [main] INFO  MessageServerNIO  - Inside processReadEvent...
  [main] INFO  MessageServerNIO  - 
  [main] INFO  MessageServerNIO  - Detecting end of message 
  [main] INFO  MessageServerNIO  - Inside processReadEvent...
  [main] INFO  MessageServerNIO  - o
  [main] INFO  MessageServerNIO  - Starting MessageServerNIO...
  [main] INFO  MessageServerNIO  - Trying to accept connections on 127.0.0.1:4887...
  [main] INFO  MessageServerNIO  - Connection Accepted...
  [main] INFO  MessageServerNIO  - Key is acceptable :true
  [main] INFO  MessageServerNIO  - Inside processReadEvent...
  [main] INFO  MessageServerNIO  - e
  [main] INFO  MessageServerNIO  - Starting MessageServerNIO...
  [main] INFO  MessageServerNIO  - Trying to accept connections on 127.0.0.1:4887...
  [main] INFO  MessageServerNIO  - Connection Accepted...
  [main] INFO  MessageServerNIO  - Key is acceptable :true
  [main] INFO  MessageServerNIO  - Inside processReadEvent...
  [main] INFO  MessageServerNIO  - 
  [main] INFO  MessageServerNIO  - Detecting end of message 
  [main] INFO  MessageServerNIO  - Starting MessageServerNIO...
  [main] INFO  MessageServerNIO  - Trying to accept connections on 127.0.0.1:4887...
  [main] INFO  MessageServerNIO  - Connection Accepted...
  [main] INFO  MessageServerNIO  - Key is acceptable :true
  [main] INFO  MessageServerNIO  - Inside processReadEvent...
  [main] INFO  MessageServerNIO  - f
  [main] INFO  MessageServerNIO  - Starting MessageServerNIO...
  [main] INFO  MessageServerNIO  - Trying to accept connections on 127.0.0.1:4887...
  [main] INFO  MessageServerNIO  - Connection Accepted...
  [main] INFO  MessageServerNIO  - Key is acceptable :true
  [main] INFO  MessageServerNIO  - Inside processReadEvent...
  [main] INFO  MessageServerNIO  - e
  [main] INFO  MessageServerNIO  - Starting MessageServerNIO...
  [main] INFO  MessageServerNIO  - Trying to accept connections on 127.0.0.1:4887...
  [main] INFO  MessageServerNIO  - Connection Accepted...
  [main] INFO  MessageServerNIO  - Key is acceptable :true
  [main] INFO  MessageServerNIO  - Inside processReadEvent...
  [main] INFO  MessageServerNIO  - d
  [main] INFO  MessageServerNIO  - Starting MessageServerNIO...
  [main] INFO  MessageServerNIO  - Trying to accept connections on 127.0.0.1:4887...
  [main] INFO  MessageServerNIO  - Connection Accepted...
  [main] INFO  MessageServerNIO  - Key is acceptable :true
  [main] INFO  MessageServerNIO  - Inside processReadEvent...
  [main] INFO  MessageServerNIO  - d
  [main] INFO  MessageServerNIO  - Inside processReadEvent...
  [main] INFO  MessageServerNIO  - 
  [main] INFO  MessageServerNIO  - Detecting end of message 
  [main] INFO  MessageServerNIO  - Inside processReadEvent...
  [main] INFO  MessageServerNIO  - d
  [main] INFO  MessageServerNIO  - Inside processReadEvent...
  [main] INFO  MessageServerNIO  - 
  [main] INFO  MessageServerNIO  - Detecting end of message 
  [main] INFO  MessageServerNIO  - Inside processReadEvent...
  [main] INFO  MessageServerNIO  - f
  [main] INFO  MessageServerNIO  - Inside processReadEvent...
  [main] INFO  MessageServerNIO  - 
  [main] INFO  MessageServerNIO  - Detecting end of message 
  [main] INFO  MessageServerNIO  - Inside processReadEvent...
  [main] INFO  MessageServerNIO  - g
  [main] INFO  MessageServerNIO  - Inside processReadEvent...
  [main] INFO  MessageServerNIO  - 
  [main] INFO  MessageServerNIO  - Detecting end of message 
  [main] INFO  MessageServerNIO  - Inside processReadEvent...
  [main] INFO  MessageServerNIO  - 
  [main] INFO  MessageServerNIO  - Detecting end of message 
  [main] INFO  MessageServerNIO  - Inside processReadEvent...
  [main] INFO  MessageServerNIO  - g
  [main] INFO  MessageServerNIO  - Inside processReadEvent...
  [main] INFO  MessageServerNIO  - g
  [main] INFO  MessageServerNIO  - Inside processReadEvent...
  [main] INFO  MessageServerNIO  - g
  [main] INFO  MessageServerNIO  - Inside processReadEvent...
  [main] INFO  MessageServerNIO  - g
  [main] INFO  MessageServerNIO  - Inside processReadEvent...
  [main] INFO  MessageServerNIO  - g
  [main] INFO  MessageServerNIO  - Inside processReadEvent...
  [main] INFO  MessageServerNIO  - g
  [main] INFO  MessageServerNIO  - Inside processReadEvent...
  [main] INFO  MessageServerNIO  - g
  [main] INFO  MessageServerNIO  - Inside processReadEvent...
  [main] INFO  MessageServerNIO  - g
  [main] INFO  MessageServerNIO  - Inside processReadEvent...
  [main] INFO  MessageServerNIO  - g
  [main] INFO  MessageServerNIO  - Inside processReadEvent...
  [main] INFO  MessageServerNIO  - g
  [main] INFO  MessageServerNIO  - Inside processReadEvent...
  [main] INFO  MessageServerNIO  - g
  [main] INFO  MessageServerNIO  - Inside processReadEvent...
  [main] INFO  MessageServerNIO  - g
  [main] INFO  MessageServerNIO  - Inside processReadEvent...
  [main] INFO  MessageServerNIO  - 
  [main] INFO  MessageServerNIO  - Detecting end of message 
  [main] INFO  MessageServerNIO  - Starting MessageServerNIO...
  [main] INFO  MessageServerNIO  - Trying to accept connections on 127.0.0.1:4887...
  [main] INFO  MessageServerNIO  - Connection Accepted...
  [main] INFO  MessageServerNIO  - Connection Accepted...
  [main] INFO  MessageServerNIO  - Starting MessageServerNIO...
  [main] INFO  MessageServerNIO  - Trying to accept connections on 127.0.0.1:4887...
  [main] INFO  MessageServerNIO  - Connection Accepted...
  [main] INFO  MessageServerNIO  - Starting MessageServerNIO...
  [main] INFO  MessageServerNIO  - Trying to accept connections on 127.0.0.1:4887...
  [main] INFO  MessageServerNIO  - Connection Accepted...
  [main] INFO  MessageServerNIO  - Read data from client : e
  [main] INFO  MessageServerNIO  - Read data from client : e
  [main] INFO  MessageServerNIO  - Read data from client : e
  [main] INFO  MessageServerNIO  - Read data from client : 
  [main] INFO  MessageServerNIO  - Detecting end of message 
  [main] INFO  MessageServerNIO  - Writing to /127.0.0.1:58213, bytes written 29
  [main] INFO  MessageServerNIO  - Starting MessageServerNIO...
  [main] INFO  MessageServerNIO  - Trying to accept connections on 127.0.0.1:4887...
  [main] INFO  MessageServerNIO  - Connection Accepted...
  [main] INFO  MessageServerNIO  - Read data from client : o
  [main] INFO  MessageServerNIO  - Starting MessageServerNIO...
  [main] INFO  MessageServerNIO  - Trying to accept connections on 127.0.0.1:4887...
  [main] INFO  MessageServerNIO  - Connection Accepted...
  [main] INFO  MessageServerNIO  - Read data from client : j
  [main] INFO  MessageServerNIO  - Starting MessageServerNIO...
  [main] INFO  MessageServerNIO  - Trying to accept connections on 127.0.0.1:4887...
  [main] INFO  MessageServerNIO  - Connection Accepted...
  [main] INFO  MessageServerNIO  - Read data from client : f
  [main] INFO  MessageServerNIO  - Read data from client : 
  [main] INFO  MessageServerNIO  - Detecting end of message 
  [main] INFO  MessageServerNIO  - Starting MessageServerNIO...
  [main] INFO  MessageServerNIO  - Trying to accept connections on 127.0.0.1:4887...
  [main] INFO  MessageServerNIO  - Connection Accepted...
  [main] INFO  MessageServerNIO  - Read data from client : f
  [main] INFO  MessageServerNIO  - Read data from client : 
  [main] INFO  MessageServerNIO  - Read data from client : f
  [main] INFO  MessageServerNIO  - Read data from client : 
  [main] INFO  MessageServerNIO  - Read data from client : g
  [main] INFO  MessageServerNIO  - Starting MessageServerNIO...
  [main] INFO  MessageServerNIO  - Trying to accept connections on 127.0.0.1:4887...
  [main] INFO  MessageServerNIO  - Connection Accepted...
  [main] INFO  MessageServerNIO  - Read data from client : f
  [main] INFO  MessageServerNIO  - Read data from client : f
  [main] INFO  MessageServerNIO  - Read data from client : 
  [main] INFO  MessageServerNIO  - Read data from client : f
  [main] INFO  MessageServerNIO  - Read data from client : 
  [main] INFO  MessageServerNIO  - Starting MessageServerNIO...
  [main] INFO  MessageServerNIO  - Trying to accept connections on 127.0.0.1:4887...
  [main] INFO  MessageServerNIO  - Connection Accepted...
  [main] INFO  MessageServerNIO  - Read data from client : f
  [main] INFO  MessageServerNIO  - Read data from client : f
  [main] INFO  MessageServerNIO  - Read data from client : 
  [main] INFO  MessageServerNIO  - Read data from client : f
  [main] INFO  MessageServerNIO  - Read data from client : 
  [main] INFO  MessageServerNIO  - Read data from client : f
  [main] INFO  MessageServerNIO  - Read data from client : 
  [main] INFO  MessageServerNIO  - Read data from client : f
  [main] INFO  MessageServerNIO  - Read data from client : 
  [main] INFO  MessageServerNIO  - Starting MessageServerNIO...
  [main] INFO  MessageServerNIO  - Trying to accept connections on 127.0.0.1:4887...
  [main] INFO  MessageServerNIO  - Connection Accepted...
  [main] INFO  MessageServerNIO  - Read data from client : f
  [main] INFO  MessageServerNIO  - Read data from client : 
  [main] INFO  MessageServerNIO  - Detecting end of message 
  [main] INFO  MessageServerNIO  - Starting MessageServerNIO...
  [main] INFO  MessageServerNIO  - Trying to accept connections on 127.0.0.1:4887...
  [main] INFO  MessageServerNIO  - Connection Accepted...
  [main] INFO  MessageServerNIO  - Read data from client : l
  [main] INFO  MessageServerNIO  - Read data from client : k
  [main] INFO  MessageServerNIO  - Read data from client : 
  [main] INFO  MessageServerNIO  - Detecting end of message 
  [main] INFO  MessageServerNIO  - Writing to /127.0.0.1:59687, bytes written 29
  [main] INFO  MessageServerNIO  - Read data from client : l
  [main] INFO  MessageServerNIO  - Read data from client : 
  [main] INFO  MessageServerNIO  - Detecting end of message 
  [main] INFO  MessageServerNIO  - Writing to /127.0.0.1:59687, bytes written 29
  [main] INFO  MessageServerNIO  - Starting MessageServerNIO...
  [main] INFO  MessageServerNIO  - Trying to accept connections on 127.0.0.1:4887...
  [main] INFO  MessageServerNIO  - Connection Accepted...
  [main] INFO  MessageServerNIO  - Read data from client : f
  [main] INFO  MessageServerNIO  - Read data from client : f
  [main] INFO  MessageServerNIO  - Read data from client : d
  [main] INFO  MessageServerNIO  - Read data from client : g
  [main] INFO  MessageServerNIO  - Read data from client : d
  [main] INFO  MessageServerNIO  - Read data from client : f
  [main] INFO  MessageServerNIO  - Read data from client : g
  [main] INFO  MessageServerNIO  - Read data from client : d
  [main] INFO  MessageServerNIO  - Read data from client : f
  [main] INFO  MessageServerNIO  - Read data from client : g
  [main] INFO  MessageServerNIO  - Read data from client : 
  [main] INFO  MessageServerNIO  - Detecting end of message 
  [main] INFO  MessageServerNIO  - Writing to /127.0.0.1:59713, bytes written 43
  [main] INFO  MessageServerNIO  - Read data from client : d
  [main] INFO  MessageServerNIO  - Read data from client : f
  [main] INFO  MessageServerNIO  - Read data from client : d
  [main] INFO  MessageServerNIO  - Read data from client : f
  [main] INFO  MessageServerNIO  - Read data from client : 
  [main] INFO  MessageServerNIO  - Detecting end of message 
  [main] INFO  MessageServerNIO  - Writing to /127.0.0.1:59713, bytes written 43
  [main] INFO  MessageServerNIO  - Starting MessageServerNIO...
  [main] INFO  MessageServerNIO  - Trying to accept connections on 127.0.0.1:4887...
  [main] INFO  MessageServerNIO  - Connection Accepted...
  [main] INFO  MessageServerNIO  - Read data from client : e
  [main] INFO  MessageServerNIO  - Read data from client : 
  [main] INFO  MessageServerNIO  - Detecting end of message 
  [main] INFO  MessageServerNIO  - clientMessage
  [main] INFO  MessageServerNIO  - Writing to /127.0.0.1:59890, bytes written 43
  [main] INFO  MessageServerNIO  - Starting MessageServerNIO...
  [main] INFO  MessageServerNIO  - Trying to accept connections on 127.0.0.1:4887...
  [main] INFO  MessageServerNIO  - Connection Accepted...
  [main] INFO  MessageServerNIO  - Read data from client : v
  [main] INFO  MessageServerNIO  - vclientMessage
  [main] INFO  MessageServerNIO  - Starting MessageServerNIO...
  [main] INFO  MessageServerNIO  - Trying to accept connections on 127.0.0.1:4887...
  [main] INFO  MessageServerNIO  - Connection Accepted...
  [main] INFO  MessageServerNIO  - bytesRead 1
  [main] INFO  MessageServerNIO  - Read data from client : d
  [main] INFO  MessageServerNIO  - d clientMessage
  [main] INFO  MessageServerNIO  - Starting MessageServerNIO...
  [main] INFO  MessageServerNIO  - Trying to accept connections on 127.0.0.1:4887...
  [main] INFO  MessageServerNIO  - Connection Accepted...
  [main] INFO  MessageServerNIO  - bytesRead 1
  [main] INFO  MessageServerNIO  - Read data from client : d
  [main] INFO  MessageServerNIO  - d clientMessage
  [main] INFO  MessageServerNIO  - bytesRead 1
  [main] INFO  MessageServerNIO  - Read data from client : d
  [main] INFO  MessageServerNIO  - d clientMessage
  [main] INFO  MessageServerNIO  - bytesRead 1
  [main] INFO  MessageServerNIO  - Read data from client : d
  [main] INFO  MessageServerNIO  - d clientMessage
  [main] INFO  MessageServerNIO  - bytesRead 2
  [main] INFO  MessageServerNIO  - Read data from client : 
  [main] INFO  MessageServerNIO  - 
 clientMessage
  [main] INFO  MessageServerNIO  - Starting MessageServerNIO...
  [main] INFO  MessageServerNIO  - Trying to accept connections on 127.0.0.1:4887...
  [main] INFO  MessageServerNIO  - Connection Accepted...
  [main] INFO  MessageServerNIO  - bytesRead 1
  [main] INFO  MessageServerNIO  - Read data from client : f
  [main] INFO  MessageServerNIO  - f clientMessage
  [main] INFO  MessageServerNIO  - Starting MessageServerNIO...
  [main] INFO  MessageServerNIO  - Trying to accept connections on 127.0.0.1:4887...
  [main] INFO  MessageServerNIO  - Connection Accepted...
  [main] INFO  MessageServerNIO  - bytesRead 1
  [main] INFO  MessageServerNIO  - Read data from client : d
  [main] INFO  MessageServerNIO  - d clientMessage
  [main] INFO  MessageServerNIO  - bytesRead 2
  [main] INFO  MessageServerNIO  - Read data from client : 
  [main] INFO  MessageServerNIO  - 
 clientMessage
  [main] INFO  MessageServerNIO  - Starting MessageServerNIO...
  [main] INFO  MessageServerNIO  - Trying to accept connections on 127.0.0.1:4887...
  [main] INFO  MessageServerNIO  - Connection Accepted...
  [main] INFO  MessageServerNIO  - bytesRead 1
  [main] INFO  MessageServerNIO  - Read data from client : u
  [main] INFO  MessageServerNIO  - u clientMessage
  [main] INFO  MessageServerNIO  - Starting MessageServerNIO...
  [main] INFO  MessageServerNIO  - Trying to accept connections on 127.0.0.1:4887...
  [main] INFO  MessageServerNIO  - Connection Accepted...
  [main] INFO  MessageServerNIO  - bytesRead 1
  [main] INFO  MessageServerNIO  - Read data from client : d
  [main] INFO  MessageServerNIO  - d clientMessage
  [main] INFO  MessageServerNIO  - Starting MessageServerNIO...
  [main] INFO  MessageServerNIO  - Trying to accept connections on 127.0.0.1:4887...
  [main] INFO  MessageServerNIO  - Connection Accepted...
  [main] INFO  MessageServerNIO  - bytesRead 3
  [main] INFO  MessageServerNIO  - Read data from client : [A
  [main] INFO  MessageServerNIO  - [A clientMessage
  [main] INFO  MessageServerNIO  - bytesRead 3
  [main] INFO  MessageServerNIO  - Read data from client : [A
  [main] INFO  MessageServerNIO  - [A clientMessage
  [main] INFO  MessageServerNIO  - bytesRead 3
  [main] INFO  MessageServerNIO  - Read data from client : [A
  [main] INFO  MessageServerNIO  - [A clientMessage
  [main] INFO  MessageServerNIO  - bytesRead 3
  [main] INFO  MessageServerNIO  - Read data from client : [A
  [main] INFO  MessageServerNIO  - [A clientMessage
  [main] INFO  MessageServerNIO  - bytesRead 1
  [main] INFO  MessageServerNIO  - Read data from client : d
  [main] INFO  MessageServerNIO  - d clientMessage
  [main] INFO  MessageServerNIO  - bytesRead 1
  [main] INFO  MessageServerNIO  - Read data from client : f
  [main] INFO  MessageServerNIO  - f clientMessage
  [main] INFO  MessageServerNIO  - Starting MessageServerNIO...
  [main] INFO  MessageServerNIO  - Trying to accept connections on 127.0.0.1:4887...
  [main] INFO  MessageServerNIO  - Connection Accepted...
  [main] INFO  MessageServerNIO  -  Read data from client : c
  [main] INFO  MessageServerNIO  -  Read data from client2 : c
  [main] INFO  MessageServerNIO  - Starting MessageServerNIO...
  [main] INFO  MessageServerNIO  - Trying to accept connections on 127.0.0.1:4887...
  [main] INFO  MessageServerNIO  - Connection Accepted...
  [main] INFO  MessageServerNIO  - Starting MessageServerNIO...
  [main] INFO  MessageServerNIO  - Trying to accept connections on 127.0.0.1:4887...
  [main] INFO  MessageServerNIO  - Connection Accepted...
  [main] INFO  MessageServerNIO  -  Read data from client : d
  [main] INFO  MessageServerNIO  -  Read data from client2 : d
  [main] INFO  MessageServerNIO  - Starting MessageServerNIO...
  [main] INFO  MessageServerNIO  - Trying to accept connections on 127.0.0.1:4887...
  [main] INFO  MessageServerNIO  - Connection Accepted...
  [main] INFO  MessageServerNIO  -  Read data from client : f
  [main] INFO  MessageServerNIO  -  Read data from client : 
  [main] INFO  MessageServerNIO  - Starting MessageServerNIO...
  [main] INFO  MessageServerNIO  - Trying to accept connections on 127.0.0.1:4887...
  [main] INFO  MessageServerNIO  - Connection Accepted...
  [main] INFO  MessageServerNIO  -  Read data from client : f
  [main] INFO  MessageServerNIO  - Connection Accepted...
  [main] INFO  MessageServerNIO  - Starting MessageServerNIO...
  [main] INFO  MessageServerNIO  - Trying to accept connections on 127.0.0.1:4887...
  [main] INFO  MessageServerNIO  - Connection Accepted...
  [main] INFO  MessageServerNIO  -  Read data from client : s
  [main] INFO  MessageServerNIO  - Connection Accepted...
  [main] INFO  MessageServerNIO  - Starting MessageServerNIO...
  [main] INFO  MessageServerNIO  - Trying to accept connections on 127.0.0.1:4887...
  [main] INFO  MessageServerNIO  - Connection Accepted...
  [main] INFO  MessageServerNIO  -  Read data from client : s
  [main] INFO  MessageServerNIO  - Connection Accepted...
  [main] INFO  MessageServerNIO  - Starting MessageServerNIO...
  [main] INFO  MessageServerNIO  - Trying to accept connections on 127.0.0.1:4887...
  [main] INFO  MessageServerNIO  - Connection Accepted...
  [main] INFO  MessageServerNIO  -  Read data from client : e
  [main] INFO  MessageServerNIO  -  Read data from client : e
  [main] INFO  MessageServerNIO  -  Read data from client : e
  [main] INFO  MessageServerNIO  - Starting MessageServerNIO...
  [main] INFO  MessageServerNIO  - Trying to accept connections on 127.0.0.1:4887...
  [main] INFO  MessageServerNIO  - Connection Accepted...
  [main] INFO  MessageServerNIO  -  Read data from client : d
  [main] INFO  MessageServerNIO  - Detecting end of message 
  [main] INFO  MessageServerNIO  - Starting MessageServerNIO...
  [main] INFO  MessageServerNIO  - Trying to accept connections on 127.0.0.1:4887...
  [main] INFO  MessageServerNIO  - Connection Accepted...
  [main] INFO  MessageServerNIO  -  Read data from client : f
  [main] INFO  MessageServerNIO  -  Read data from client : f
  [main] INFO  MessageServerNIO  -  Read data from client : f
  [main] INFO  MessageServerNIO  -  Read data from client : f
  [main] INFO  MessageServerNIO  -  Read data from client : 
  [main] INFO  MessageServerNIO  - Starting MessageServerNIO...
  [main] INFO  MessageServerNIO  - Trying to accept connections on 127.0.0.1:4887...
  [main] INFO  MessageServerNIO  - Connection Accepted...
  [main] INFO  MessageClientNIO  - Trying to connect to 127.0.0.1:4887...
  [main] INFO  MessageClientNIO  - Sending Message...: First message
bytesWritten...: 13
  [main] INFO  MessageClientNIO  - Sending Message...: Second message
bytesWritten...: 14
  [main] INFO  MessageClientNIO  - Sending Message...: Third message
bytesWritten...: 13
  [main] INFO  MessageClientNIO  - Sending Message...: Fourth message
bytesWritten...: 14
  [main] INFO  MessageClientNIO  - Sending Message...: *exit*
bytesWritten...: 6
  [main] INFO  MessageClientNIO  - Closing Client connection...
  [main] INFO  MessageServerNIO  -  Read data from client : First message
  [main] INFO  MessageServerNIO  - Starting MessageServerNIO...
  [main] INFO  MessageServerNIO  - Trying to accept connections on 127.0.0.1:4887...
  [main] INFO  MessageServerNIO  - Connection Accepted...
  [main] INFO  MessageServerNIO  - Starting MessageServerNIO...
  [main] INFO  MessageServerNIO  - Trying to accept connections on 127.0.0.1:4887...
  [main] INFO  MessageServerNIO  - Connection Accepted...
  [main] INFO  MessageServerNIO  -  Read data from client : q
  [main] INFO  MessageServerNIO  - Starting MessageServerNIO...
  [main] INFO  MessageServerNIO  - Trying to accept connections on 127.0.0.1:4887...
  [main] INFO  MessageServerNIO  - Connection Accepted...
  [main] INFO  MessageServerNIO  -  Read data from client : f
  [main] INFO  MessageServerNIO  -  Read data from client : 
  [main] INFO  MessageServerNIO  -  Read data from client : f
  [main] INFO  MessageServerNIO  -  Read data from client : 
  [main] INFO  MessageServerNIO  -  Read data from client : g
  [main] INFO  MessageServerNIO  -  Read data from client : 
  [main] INFO  MessageServerNIO  - Starting MessageServerNIO...
  [main] INFO  MessageServerNIO  - Trying to accept connections on 127.0.0.1:4887...
  [main] INFO  MessageServerNIO  - Connection Accepted...
  [main] INFO  MessageServerNIO  -  Read data from client : ?
  [main] INFO  MessageServerNIO  - Detecting end of message 
  [main] INFO  MessageServerNIO  - Starting MessageServerNIO...
  [main] INFO  MessageServerNIO  - Trying to accept connections on 127.0.0.1:4887...
  [main] INFO  MessageServerNIO  - Connection Accepted...
  [main] INFO  MessageServerNIO  -  Read data from client : g
  [main] INFO  MessageServerNIO  - Detecting end of message 
  [main] INFO  MessageServerNIO  - Starting MessageServerNIO...
  [main] INFO  MessageServerNIO  - Trying to accept connections on 127.0.0.1:4887...
  [main] INFO  MessageServerNIO  - Starting MessageServerNIO...
  [main] INFO  MessageServerNIO  - Trying to accept connections on 127.0.0.1:4887...
  [main] INFO  MessageServerNIO  - Connection Accepted...
  [main] INFO  MessageClientNIO  - Trying to connect to 127.0.0.1:4887...
  [main] INFO  MessageClientNIO  - Sending Message...: First message
bytesWritten...: 13
  [main] INFO  MessageClientNIO  - Sending Message...: Second message
bytesWritten...: 14
  [main] INFO  MessageClientNIO  - Sending Message...: Third message
bytesWritten...: 13
  [main] INFO  MessageClientNIO  - Sending Message...: Fourth message
bytesWritten...: 14
  [main] INFO  MessageClientNIO  - Sending Message...: *exit*
bytesWritten...: 6
  [main] INFO  MessageClientNIO  - Closing Client connection...
  [main] INFO  MessageServerNIO  -  Read data from client : First message
  [main] INFO  MessageServerNIO  - Starting MessageServerNIO...
  [main] INFO  MessageServerNIO  - Trying to accept connections on 127.0.0.1:4887...
  [main] INFO  MessageServerNIO  - Connection Accepted...
  [main] INFO  MessageClientNIO  - Trying to connect to 127.0.0.1:4887...
  [main] INFO  MessageClientNIO  - Sending Message...: First message
bytesWritten...: 13
  [main] INFO  MessageClientNIO  - Closing Client connection...
  [main] INFO  MessageServerNIO  -  Read data from client : First message
  [main] INFO  MessageServerNIO  - Starting MessageServerNIO...
  [main] INFO  MessageServerNIO  - Trying to accept connections on 127.0.0.1:4887...
  [main] INFO  MessageServerNIO  - Connection Accepted...
  [main] INFO  MessageClientNIO  - Trying to connect to 127.0.0.1:4887...
  [main] INFO  MessageClientNIO  - Sending Message...: 2
bytesWritten...: 1
  [main] INFO  MessageClientNIO  - Closing Client connection...
  [main] INFO  MessageServerNIO  -  Read data from client : 2
  